Developer release notes.

plugin.xml update version
package.json update version 
package.js update version
Countly.js update version 
create tag / release based on the same version
Sync Countly.js with ngCountly.js some angular customer depends on it.

Updating index.html should also update ionic/home.html 

Making a new release on github, should also release on npm and meteor.

Apply documentation to the sdk, for a newbie to understand.

Provide callback to the user instead of handling the callback manually.


Core SDK code modified 

Previously 
----------


- (void)sendPushToken:(NSString *)token
{
    typedef enum : NSInteger
    {
        CLYPushTokenModeProduction,
        CLYPushTokenModeDevelopment,
        CLYPushTokenModeAdHoc,
    } CLYPushTokenMode;

    int testMode;
#ifdef DEBUG
    testMode = CLYPushTokenModeDevelopment;
#else
    testMode = CountlyPushNotifications.sharedInstance.isTestDevice ? CLYPushTokenModeAdHoc : CLYPushTokenModeProduction;
#endif

    NSString* queryString = [[self queryEssentials] stringByAppendingFormat:@"&%@=%@&%@=%@&%@=%d",
                             kCountlyQSKeyPushTokenSession, @"1",
                             kCountlyQSKeyPushTokeniOS, token,
                             kCountlyQSKeyPushTestMode, testMode];

    [CountlyPersistency.sharedInstance addToQueue:queryString];

    [self proceedOnQueue];
}

Currently
---------

- (void)sendPushToken:(NSString *)token
{
    typedef enum : NSInteger
    {
        CLYPushTokenModeProduction,
        CLYPushTokenModeDevelopment,
        CLYPushTokenModeAdHoc,
    } CLYPushTokenMode;

    int testMode = CountlyPushNotifications.sharedInstance.isTestDevice;
    

    NSString* queryString = [[self queryEssentials] stringByAppendingFormat:@"&%@=%@&%@=%@&%@=%d",
                             kCountlyQSKeyPushTokenSession, @"1",
                             kCountlyQSKeyPushTokeniOS, token,
                             kCountlyQSKeyPushTestMode, testMode];

    [CountlyPersistency.sharedInstance addToQueue:queryString];

    [self proceedOnQueue];
}
